#
# There is insufficient memory for the Java Runtime Environment to continue.
# Native memory allocation (mmap) failed to map 167772160 bytes. Error detail: G1 virtual space
# Possible reasons:
#   The system is out of physical RAM or swap space
#   This process is running with CompressedOops enabled, and the Java Heap may be blocking the growth of the native heap
# Possible solutions:
#   Reduce memory load on the system
#   Increase physical memory or swap space
#   Check if swap backing store is full
#   Decrease Java heap size (-Xmx/-Xms)
#   Decrease number of Java threads
#   Decrease Java thread stack sizes (-Xss)
#   Set larger code cache with -XX:ReservedCodeCacheSize=
#   JVM is running with Zero Based Compressed Oops mode in which the Java heap is
#     placed in the first 32GB address space. The Java Heap base address is the
#     maximum limit for the native heap growth. Please use -XX:HeapBaseMinAddress
#     to set the Java Heap base and to place the Java Heap above 32GB virtual address.
# This output file may be truncated or incomplete.
#
#  Out of Memory Error (os_windows.cpp:3925), pid=19612, tid=12640
#
# JRE version:  (21.0.8) (build )
# Java VM: OpenJDK 64-Bit Server VM (21.0.8+-14196175-b1038.72, mixed mode, sharing, tiered, compressed oops, compressed class ptrs, g1 gc, windows-amd64)
# No core dump will be written. Minidumps are not enabled by default on client versions of Windows
#

---------------  S U M M A R Y ------------

Command Line: 

Host: AMD Athlon Silver 3050U with Radeon Graphics   , 2 cores, 9G,  Windows 11 , 64 bit Build 26100 (10.0.26100.7920)
Time: Thu Mar  5 08:59:40 2026 Hora est. Pac璗ico, Sudam廨ica elapsed time: 2.037471 seconds (0d 0h 0m 2s)

---------------  T H R E A D  ---------------

Current thread (0x0000013a9734d370):  JavaThread "Unknown thread" [_thread_in_vm, id=12640, stack(0x00000036b6b00000,0x00000036b6c00000) (1024K)]

Stack: [0x00000036b6b00000,0x00000036b6c00000]
Native frames: (J=compiled Java code, j=interpreted, Vv=VM code, C=native code)
V  [jvm.dll+0x6d68d9]
V  [jvm.dll+0x866693]
V  [jvm.dll+0x868c4e]
V  [jvm.dll+0x869333]
V  [jvm.dll+0x280566]
V  [jvm.dll+0x6d3195]
V  [jvm.dll+0x6c69ea]
V  [jvm.dll+0x3586db]
V  [jvm.dll+0x360336]
V  [jvm.dll+0x3b23f6]
V  [jvm.dll+0x3b26c8]
V  [jvm.dll+0x32ae6c]
V  [jvm.dll+0x32bb5b]
V  [jvm.dll+0x82e109]
V  [jvm.dll+0x3bf5c8]
V  [jvm.dll+0x817388]
V  [jvm.dll+0x453b6e]
V  [jvm.dll+0x4552d1]
C  [jli.dll+0x52ab]
C  [ucrtbase.dll+0x37b0]
C  [KERNEL32.DLL+0x2e8d7]
C  [ntdll.dll+0x8c48c]


---------------  P R O C E S S  ---------------

Threads class SMR info:
_java_thread_list=0x00007ffe1dffb988, length=0, elements={
}

Java Threads: ( => current thread )
Total: 0

Other Threads:
  0x0000013a9971d2b0 WorkerThread "GC Thread#0"                     [id=11760, stack(0x00000036b6c00000,0x00000036b6d00000) (1024K)]
  0x0000013a997281a0 ConcurrentGCThread "G1 Main Marker"            [id=7688, stack(0x00000036b6d00000,0x00000036b6e00000) (1024K)]
  0x0000013a99728ca0 WorkerThread "G1 Conc#0"                       [id=2236, stack(0x00000036b6e00000,0x00000036b6f00000) (1024K)]

[error occurred during error reporting (printing all threads), id 0xc0000005, EXCEPTION_ACCESS_VIOLATION (0xc0000005) at pc=0x00007ffe1d7eddd7]
VM state: not at safepoint (not fully initialized)

VM Mutex/Monitor currently owned by a thread:  ([mutex/lock_event])
[0x00007ffe1e0686b8] Heap_lock - owner thread: 0x0000013a9734d370

Heap address: 0x0000000760e00000, size: 2546 MB, Compressed Oops mode: Zero based, Oop shift amount: 3

CDS archive(s) mapped at: [0x0000000000000000-0x0000000000000000-0x0000000000000000), size 0, SharedBaseAddress: 0x0000000800000000, ArchiveRelocationMode: 1.
Narrow klass base: 0x0000000000000000, Narrow klass shift: 0, Narrow klass range: 0x0

GC Precious Log:
 CardTable entry size: 512
 Card Set container configuration: InlinePtr #cards 4 size 8 Array Of Cards #cards 16 size 48 Howl #buckets 8 coarsen threshold 3686 Howl Bitmap #cards 512 size 80 coarsen threshold 460 Card regions per heap region 1 cards per card region 4096

Heap:
 garbage-first heap   total 0K, used 0K [0x0000000760e00000, 0x0000000800000000)
  region size 2048K, 0 young (0K), 0 survivors (0K)
 Metaspace       used 0K, committed 0K, reserved 0K
  class space    used 0K, committed 0K, reserved 0K

Heap Regions: E=young(eden), S=young(survivor), O=old, HS=humongous(starts), HC=humongous(continues), CS=collection set, F=free, TAMS=top-at-mark-start, PB=parsable bottom

Card table byte_map: [0x0000013aabd30000,0x0000013aac230000] _byte_map_base: 0x0000013aa8229000

Marking Bits: (CMBitMap*) 0x0000013a9971d9b0
 Bits: [0x0000013aac230000, 0x0000013aae9f8000)

GC Heap History (0 events):
No events

Dll operation events (1 events):
Event: 0.017 Loaded shared library C:\Program Files\Android\Android Studio\jbr\bin\java.dll

Deoptimization events (0 events):
No events

Classes loaded (0 events):
No events

Classes unloaded (0 events):
No events

Classes redefined (0 events):
No events

Internal exceptions (0 events):
No events

ZGC Phase Switch (0 events):
No events

VM Operations (0 events):
No events

Memory protections (0 events):
No events

Nmethod flushes (0 events):
No events

Events (0 events):
No events


Dynamic libraries:
0x00007ff6c8990000 - 0x00007ff6c899a000 	C:\Program Files\Android\Android Studio\jbr\bin\java.EXE
0x00007ffebd300000 - 0x00007ffebd567000 	C:\WINDOWS\SYSTEM32\ntdll.dll
0x00007ffebb3c0000 - 0x00007ffebb489000 	C:\WINDOWS\System32\KERNEL32.DLL
0x00007ffeb9f40000 - 0x00007ffeba331000 	C:\WINDOWS\System32\KERNELBASE.dll
0x00007ffebabe0000 - 0x00007ffebad2b000 	C:\WINDOWS\System32\ucrtbase.dll
0x00007ffeac880000 - 0x00007ffeac898000 	C:\Program Files\Android\Android Studio\jbr\bin\jli.dll
0x00007ffebb490000 - 0x00007ffebb655000 	C:\WINDOWS\System32\USER32.dll
0x00007ffeba340000 - 0x00007ffeba367000 	C:\WINDOWS\System32\win32u.dll
0x00007ffebbc80000 - 0x00007ffebbcab000 	C:\WINDOWS\System32\GDI32.dll
0x00007ffeb9e10000 - 0x00007ffeb9f3a000 	C:\WINDOWS\System32\gdi32full.dll
0x00007ffebaf40000 - 0x00007ffebafe3000 	C:\WINDOWS\System32\msvcp_win.dll
0x00007ffe9ffc0000 - 0x00007ffe9ffdb000 	C:\Program Files\Android\Android Studio\jbr\bin\VCRUNTIME140.dll
0x00007ffea6ab0000 - 0x00007ffea6d43000 	C:\WINDOWS\WinSxS\amd64_microsoft.windows.common-controls_6595b64144ccf1df_6.0.26100.7922_none_3e089e1ee3342171\COMCTL32.dll
0x00007ffebbbd0000 - 0x00007ffebbc79000 	C:\WINDOWS\System32\msvcrt.dll
0x00007ffebc5e0000 - 0x00007ffebc611000 	C:\WINDOWS\System32\IMM32.DLL
0x00007ffeaf880000 - 0x00007ffeaf88c000 	C:\Program Files\Android\Android Studio\jbr\bin\vcruntime140_1.dll
0x00007ffe866d0000 - 0x00007ffe8675d000 	C:\Program Files\Android\Android Studio\jbr\bin\msvcp140.dll
0x00007ffe1d4b0000 - 0x00007ffe1e146000 	C:\Program Files\Android\Android Studio\jbr\bin\server\jvm.dll
0x00007ffebb2d0000 - 0x00007ffebb38b000 	C:\WINDOWS\System32\ADVAPI32.dll
0x00007ffebbb20000 - 0x00007ffebbbc7000 	C:\WINDOWS\System32\sechost.dll
0x00007ffebb660000 - 0x00007ffebb778000 	C:\WINDOWS\System32\RPCRT4.dll
0x00007ffebbcb0000 - 0x00007ffebbd24000 	C:\WINDOWS\System32\WS2_32.dll
0x00007ffeb9a60000 - 0x00007ffeb9abe000 	C:\WINDOWS\SYSTEM32\POWRPROF.dll
0x00007ffeb3b30000 - 0x00007ffeb3b65000 	C:\WINDOWS\SYSTEM32\WINMM.dll
0x00007ffeb3b70000 - 0x00007ffeb3b7b000 	C:\WINDOWS\SYSTEM32\VERSION.dll
0x00007ffeb9a40000 - 0x00007ffeb9a54000 	C:\WINDOWS\SYSTEM32\UMPDC.dll
0x00007ffeb8910000 - 0x00007ffeb892b000 	C:\WINDOWS\SYSTEM32\kernel.appcore.dll
0x00007ffeac8e0000 - 0x00007ffeac8ea000 	C:\Program Files\Android\Android Studio\jbr\bin\jimage.dll
0x00007ffead870000 - 0x00007ffeadab2000 	C:\WINDOWS\SYSTEM32\DBGHELP.DLL
0x00007ffebb780000 - 0x00007ffebbb02000 	C:\WINDOWS\System32\combase.dll
0x00007ffebc400000 - 0x00007ffebc4d7000 	C:\WINDOWS\System32\OLEAUT32.dll
0x00007ffe9c600000 - 0x00007ffe9c63b000 	C:\WINDOWS\SYSTEM32\dbgcore.DLL
0x00007ffebaff0000 - 0x00007ffebb095000 	C:\WINDOWS\System32\bcryptPrimitives.dll
0x00007ffe95030000 - 0x00007ffe95050000 	C:\Program Files\Android\Android Studio\jbr\bin\java.dll

JVMTI agents: none

dbghelp: loaded successfully - version: 4.0.5 - missing functions: none
symbol engine: initialized successfully - sym options: 0x614 - pdb path: .;C:\Program Files\Android\Android Studio\jbr\bin;C:\WINDOWS\SYSTEM32;C:\WINDOWS\WinSxS\amd64_microsoft.windows.common-controls_6595b64144ccf1df_6.0.26100.7922_none_3e089e1ee3342171;C:\Program Files\Android\Android Studio\jbr\bin\server

VM Arguments:
java_command: <unknown>
java_class_path (initial): <not set>
Launcher Type: SUN_STANDARD

[Global flags]
     intx CICompilerCount                          = 2                                         {product} {ergonomic}
     uint ConcGCThreads                            = 1                                         {product} {ergonomic}
     uint G1ConcRefinementThreads                  = 2                                         {product} {ergonomic}
   size_t G1HeapRegionSize                         = 2097152                                   {product} {ergonomic}
    uintx GCDrainStackTargetSize                   = 64                                        {product} {ergonomic}
   size_t InitialHeapSize                          = 167772160                                 {product} {ergonomic}
   size_t MarkStackSize                            = 4194304                                   {product} {ergonomic}
   size_t MaxHeapSize                              = 2669674496                                {product} {ergonomic}
   size_t MinHeapDeltaBytes                        = 2097152                                   {product} {ergonomic}
   size_t MinHeapSize                              = 8388608                                   {product} {ergonomic}
    uintx NonNMethodCodeHeapSize                   = 5826188                                {pd product} {ergonomic}
    uintx NonProfiledCodeHeapSize                  = 122916026                              {pd product} {ergonomic}
    uintx ProfiledCodeHeapSize                     = 122916026                              {pd product} {ergonomic}
    uintx ReservedCodeCacheSize                    = 251658240                              {pd product} {ergonomic}
     bool SegmentedCodeCache                       = true                                      {product} {ergonomic}
   size_t SoftMaxHeapSize                          = 2669674496                             {manageable} {ergonomic}
     bool UseCompressedOops                        = true                           {product lp64_product} {ergonomic}
     bool UseG1GC                                  = true                                      {product} {ergonomic}
     bool UseLargePagesIndividualAllocation        = false                                  {pd product} {ergonomic}

Logging:
Log output configuration:
 #0: stdout all=warning uptime,level,tags foldmultilines=false
 #1: stderr all=off uptime,level,tags foldmultilines=false

Environment Variables:
JAVA_HOME=C:\Program Files\Java\jdk-22
PATH=C:\Program Files\Common Files\Oracle\Java\javapath;C:\Program Files (x86)\Common Files\Oracle\Java\java8path;C:\Program Files (x86)\Common Files\Oracle\Java\javapath;C:\WINDOWS\system32;C:\WINDOWS;C:\WINDOWS\System32\Wbem;C:\WINDOWS\System32\WindowsPowerShell\v1.0\;C:\WINDOWS\System32\OpenSSH\;C:\Program Files\Java\jdk-22\bin;C:\Program Files\Git\cmd;C:\Program Files\nodejs\;C:\Program Files\MySQL\MySQL Shell 8.0\bin\;C:\Users\HP\AppData\Local\Programs\Python\Python313\Scripts\;C:\Users\HP\AppData\Local\Programs\Python\Python313\;C:\Users\HP\AppData\Local\Microsoft\WindowsApps;C:\Users\HP\AppData\Roaming\npm;C:\Users\HP\AppData\Local\Programs\Microsoft VS Code\bin;C:\flutter\bin;;C:\flutter\bin\mingit\cmd
USERNAME=HP
LANG=en_US.UTF-8
OS=Windows_NT
PROCESSOR_IDENTIFIER=AMD64 Family 23 Model 24 Stepping 1, AuthenticAMD
TMP=C:\Users\HP\AppData\Local\Temp
TEMP=C:\Users\HP\AppData\Local\Temp




Periodic native trim disabled

JNI global refs:
JNI global refs: 0, weak refs: 0

JNI global refs memory usage: 0, weak refs: 0

Process memory usage:
Resident Set Size: 12588K (0% of 10427212K total physical memory with 721360K free physical memory)

OOME stack traces (most recent first):
Classloader memory used:

---------------  S Y S T E M  ---------------

OS:
 Windows 11 , 64 bit Build 26100 (10.0.26100.7920)
OS uptime: 2 days 9:19 hours

CPU: total 2 (initial active 2) (2 cores per cpu, 1 threads per core) family 23 model 24 stepping 1 microcode 0x8108109, cx8, cmov, fxsr, mmx, 3dnowpref, sse, sse2, sse3, ssse3, sse4a, sse4.1, sse4.2, popcnt, lzcnt, tsc, tscinvbit, avx, avx2, aes, clmul, bmi1, bmi2, adx, sha, fma, vzeroupper, clflush, clflushopt, rdtscp, f16c
Processor Information for the first 2 processors :
  Max Mhz: 2300, Current Mhz: 2300, Mhz Limit: 2300

Memory: 4k page, system-wide physical 10182M (704M free)
TotalPageFile size 18374M (AvailPageFile size 48M)
current process WorkingSet (physical memory assigned to process): 12M, peak: 12M
current process commit charge ("private bytes"): 47M, peak: 207M

vm_info: OpenJDK 64-Bit Server VM (21.0.8+-14196175-b1038.72) for windows-amd64 JRE (21.0.8+-14196175-b1038.72), built on 2025-10-01T10:24:33Z by "builder" with MS VC++ 16.10 / 16.11 (VS2019)

END.
